<?xml version="1.0" encoding="UTF-8"?>
<testsuite name="com.cg.hotelreservation.HotelReservationTest" tests="1" skipped="0" failures="0" errors="0" timestamp="2020-11-13T18:31:38" hostname="AVINASH" time="0.005">
  <properties/>
  <testcase name="whenHotelAddedShouldMatchCount" classname="com.cg.hotelreservation.HotelReservationTest" time="0.005"/>
  <system-out><![CDATA[]]></system-out>
  <system-err><![CDATA[]]></system-err>
</testsuite>
