<?xml version="1.0" encoding="UTF-8"?>
<testsuite name="com.cg.hotelreservation.HotelReservationTest" tests="1" skipped="0" failures="0" errors="0" timestamp="2020-11-18T17:27:11" hostname="AVINASH" time="0.011">
  <properties/>
  <testcase name="givenDateRangeShouldReturnBestRatedHotel" classname="com.cg.hotelreservation.HotelReservationTest" time="0.011"/>
  <system-out><![CDATA[]]></system-out>
  <system-err><![CDATA[]]></system-err>
</testsuite>
